<?xml version="1.0" encoding="UTF-8"?>
<!-- Generated by org.testng.reporters.JUnitXMLReporter -->
<testsuite hostname="Amaradhi" name="PrimusBank" tests="6" failures="1" timestamp="24 Mar 2019 19:59:20 GMT" time="23.888" errors="0">
  <testcase name="appLaunch" time="10.376" classname="com.vasu.testng.AdminLoginTest"/>
  <testcase name="appLogin" time="1.13" classname="com.vasu.testng.AdminLoginTest"/>
  <testcase name="appClose" time="0.175" classname="com.vasu.testng.AdminLoginTest"/>
  <testcase name="first" time="0.0" classname="com.vasu.testng.FirstTestNgTest"/>
  <testcase name="adminLogin" time="12.157" classname="com.vasu.testng.AdminLogin"/>
  <testcase name="validation" time="0.008" classname="com.vasu.testng.ValidationTest">
    <failure type="java.lang.AssertionError" message="expected [14] but found [12]">
      <![CDATA[java.lang.AssertionError: expected [14] but found [12]
	at com.vasu.testng.ValidationTest.validation(ValidationTest.java:19)
... Removed 29 stack frames]]>
    </failure>
  </testcase> <!-- validation -->
</testsuite> <!-- PrimusBank -->
